2025-12-23 10:58:11,769 [INFO] Logger initialized. Log file: D:\Research\CG\Final\editor_debug.log
2025-12-23 10:58:21,133 [INFO] Saving processed meshes to D:\Research\CG\Final\Assets\obj\basemodule_D\basemodule_D
2025-12-23 10:58:21,150 [INFO] Found MTL file: D:\Research\CG\Final\Assets\obj\basemodule_D\material.mtl
2025-12-23 10:58:21,151 [INFO] Found material: spacebits_texture
2025-12-23 10:58:21,160 [INFO] Done processing MTL file
2025-12-23 10:58:21,160 [INFO] Processing OBJ file with trimesh
2025-12-23 10:58:21,171 [DEBUG] STREAM b'IHDR' 16 13
2025-12-23 10:58:21,171 [DEBUG] STREAM b'IDAT' 41 25715
2025-12-23 10:58:21,177 [INFO] Saving mesh D:\Research\CG\Final\Assets\obj\basemodule_D\basemodule_D\basemodule_D.obj
2025-12-23 10:58:21,178 [DEBUG] Exporting 780 faces as OBJ
2025-12-23 10:58:21,217 [INFO] Saved MJCF to D:\Research\CG\Final\Assets\obj\basemodule_D\basemodule_D\basemodule_D.xml
2025-12-23 10:58:31,687 [INFO] Saving processed meshes to D:\Research\CG\Final\Assets\obj\basemodule_D\basemodule_D
2025-12-23 10:58:31,688 [INFO] Found MTL file: D:\Research\CG\Final\Assets\obj\basemodule_D\material.mtl
2025-12-23 10:58:31,688 [INFO] Found material: spacebits_texture
2025-12-23 10:58:31,689 [INFO] Done processing MTL file
2025-12-23 10:58:31,691 [INFO] Processing OBJ file with trimesh
2025-12-23 10:58:31,692 [DEBUG] STREAM b'IHDR' 16 13
2025-12-23 10:58:31,692 [DEBUG] STREAM b'IDAT' 41 25715
2025-12-23 10:58:31,697 [INFO] Saving mesh D:\Research\CG\Final\Assets\obj\basemodule_D\basemodule_D\basemodule_D.obj
2025-12-23 10:58:31,697 [DEBUG] Exporting 780 faces as OBJ
2025-12-23 10:58:31,737 [INFO] Saved MJCF to D:\Research\CG\Final\Assets\obj\basemodule_D\basemodule_D\basemodule_D.xml
